2012-05-03 23:15:00,598 [main] ERROR StackTrace  - Full Stack Trace:
org.codehaus.groovy.runtime.typehandling.GroovyCastException: Cannot cast object '1-1-2012' with class 'java.lang.String' to class 'java.util.Date'
	at org.codehaus.groovy.runtime.typehandling.DefaultTypeTransformation.castToType(DefaultTypeTransformation.java:360)
	at groovy.lang.MetaClassImpl.setProperty(MetaClassImpl.java:2374)
	at groovy.lang.ExpandoMetaClass.setProperty(ExpandoMetaClass.java:1170)
	at groovy.lang.MetaClassImpl.setProperty(MetaClassImpl.java:3312)
	at teamtracker.Game.setProperty(Game.groovy)
	at org.codehaus.groovy.runtime.InvokerHelper.setProperty(InvokerHelper.java:179)
	at org.codehaus.groovy.runtime.ScriptBytecodeAdapter.setProperty(ScriptBytecodeAdapter.java:480)
	at grails.buildtestdata.DomainInstanceBuilder.setDomainPropertyValue(DomainInstanceBuilder.groovy:159)
	at grails.buildtestdata.DomainInstanceBuilder$setDomainPropertyValue.callCurrent(Unknown Source)
	at org.codehaus.groovy.runtime.callsite.CallSiteArray.defaultCallCurrent(CallSiteArray.java:46)
	at org.codehaus.groovy.runtime.callsite.AbstractCallSite.callCurrent(AbstractCallSite.java:133)
	at org.codehaus.groovy.runtime.callsite.AbstractCallSite.callCurrent(AbstractCallSite.java:149)
	at grails.buildtestdata.DomainInstanceBuilder.populateInstance(DomainInstanceBuilder.groovy:137)
	at grails.buildtestdata.DomainInstanceBuilder$populateInstance.callCurrent(Unknown Source)
	at org.codehaus.groovy.runtime.callsite.CallSiteArray.defaultCallCurrent(CallSiteArray.java:46)
	at org.codehaus.groovy.runtime.callsite.AbstractCallSite.callCurrent(AbstractCallSite.java:133)
	at org.codehaus.groovy.runtime.callsite.AbstractCallSite.callCurrent(AbstractCallSite.java:149)
	at grails.buildtestdata.DomainInstanceBuilder.build(DomainInstanceBuilder.groovy:124)
	at sun.reflect.NativeMethodAccessorImpl.invoke0(Native Method)
	at sun.reflect.NativeMethodAccessorImpl.invoke(NativeMethodAccessorImpl.java:57)
	at sun.reflect.DelegatingMethodAccessorImpl.invoke(DelegatingMethodAccessorImpl.java:43)
	at java.lang.reflect.Method.invoke(Method.java:601)
	at org.codehaus.groovy.runtime.callsite.PogoMetaMethodSite$PogoCachedMethodSite.invoke(PogoMetaMethodSite.java:226)
	at org.codehaus.groovy.runtime.callsite.PogoMetaMethodSite.callCurrent(PogoMetaMethodSite.java:52)
	at org.codehaus.groovy.runtime.callsite.CallSiteArray.defaultCallCurrent(CallSiteArray.java:46)
	at org.codehaus.groovy.runtime.callsite.AbstractCallSite.callCurrent(AbstractCallSite.java:133)
	at org.codehaus.groovy.runtime.callsite.AbstractCallSite.callCurrent(AbstractCallSite.java:145)
	at grails.buildtestdata.DomainInstanceBuilder.build(DomainInstanceBuilder.groovy:123)
	at grails.buildtestdata.DomainInstanceBuilder$build.call(Unknown Source)
	at org.codehaus.groovy.runtime.callsite.CallSiteArray.defaultCall(CallSiteArray.java:42)
	at org.codehaus.groovy.runtime.callsite.AbstractCallSite.call(AbstractCallSite.java:108)
	at org.codehaus.groovy.runtime.callsite.AbstractCallSite.call(AbstractCallSite.java:116)
	at grails.buildtestdata.BuildTestDataService$_addBuildMethods_closure5.doCall(BuildTestDataService.groovy:46)
	at sun.reflect.NativeMethodAccessorImpl.invoke0(Native Method)
	at sun.reflect.NativeMethodAccessorImpl.invoke(NativeMethodAccessorImpl.java:57)
	at sun.reflect.DelegatingMethodAccessorImpl.invoke(DelegatingMethodAccessorImpl.java:43)
	at java.lang.reflect.Method.invoke(Method.java:601)
	at org.codehaus.groovy.reflection.CachedMethod.invoke(CachedMethod.java:90)
	at groovy.lang.MetaMethod.doMethodInvoke(MetaMethod.java:233)
	at groovy.lang.MetaClassImpl.invokeMethod(MetaClassImpl.java:1047)
	at groovy.lang.ExpandoMetaClass.invokeMethod(ExpandoMetaClass.java:1110)
	at groovy.lang.MetaClassImpl.invokeMethod(MetaClassImpl.java:877)
	at groovy.lang.Closure.call(Closure.java:412)
	at org.codehaus.groovy.runtime.metaclass.ClosureStaticMetaMethod.invoke(ClosureStaticMetaMethod.java:59)
	at org.codehaus.groovy.runtime.callsite.StaticMetaMethodSite$StaticMetaMethodSiteNoUnwrapNoCoerce.invoke(StaticMetaMethodSite.java:148)
	at org.codehaus.groovy.runtime.callsite.StaticMetaMethodSite.call(StaticMetaMethodSite.java:88)
	at org.codehaus.groovy.runtime.callsite.CallSiteArray.defaultCall(CallSiteArray.java:42)
	at org.codehaus.groovy.runtime.callsite.AbstractCallSite.call(AbstractCallSite.java:108)
	at org.codehaus.groovy.runtime.callsite.AbstractCallSite.call(AbstractCallSite.java:116)
	at teamtracker.GameTests.testCreateValidGame(GameTests.groovy:28)
	at sun.reflect.NativeMethodAccessorImpl.invoke0(Native Method)
	at sun.reflect.NativeMethodAccessorImpl.invoke(NativeMethodAccessorImpl.java:57)
	at sun.reflect.DelegatingMethodAccessorImpl.invoke(DelegatingMethodAccessorImpl.java:43)
	at java.lang.reflect.Method.invoke(Method.java:601)
	at org.junit.runners.model.FrameworkMethod$1.runReflectiveCall(FrameworkMethod.java:45)
	at org.junit.internal.runners.model.ReflectiveCallable.run(ReflectiveCallable.java:15)
	at org.junit.runners.model.FrameworkMethod.invokeExplosively(FrameworkMethod.java:42)
	at org.junit.internal.runners.statements.InvokeMethod.evaluate(InvokeMethod.java:20)
	at org.junit.internal.runners.statements.RunBefores.evaluate(RunBefores.java:28)
	at org.junit.internal.runners.statements.RunAfters.evaluate(RunAfters.java:30)
	at org.junit.runners.ParentRunner.runLeaf(ParentRunner.java:263)
	at org.junit.runners.BlockJUnit4ClassRunner.runChild(BlockJUnit4ClassRunner.java:68)
	at org.junit.runners.BlockJUnit4ClassRunner.runChild(BlockJUnit4ClassRunner.java:47)
	at org.junit.runners.ParentRunner$3.run(ParentRunner.java:231)
	at org.junit.runners.ParentRunner$1.schedule(ParentRunner.java:60)
	at org.junit.runners.ParentRunner.runChildren(ParentRunner.java:229)
	at org.junit.runners.ParentRunner.access$000(ParentRunner.java:50)
	at org.junit.runners.ParentRunner$2.evaluate(ParentRunner.java:222)
	at org.junit.internal.runners.statements.RunBefores.evaluate(RunBefores.java:28)
	at org.junit.internal.runners.statements.RunAfters.evaluate(RunAfters.java:30)
	at org.junit.runners.ParentRunner.run(ParentRunner.java:300)
	at org.junit.runners.Suite.runChild(Suite.java:128)
	at org.junit.runners.Suite.runChild(Suite.java:24)
	at org.junit.runners.ParentRunner$3.run(ParentRunner.java:231)
	at org.junit.runners.ParentRunner$1.schedule(ParentRunner.java:60)
	at org.junit.runners.ParentRunner.runChildren(ParentRunner.java:229)
	at org.junit.runners.ParentRunner.access$000(ParentRunner.java:50)
	at org.junit.runners.ParentRunner$2.evaluate(ParentRunner.java:222)
	at org.junit.runners.ParentRunner.run(ParentRunner.java:300)
	at org.junit.runners.ParentRunner$run.call(Unknown Source)
	at org.codehaus.groovy.runtime.callsite.CallSiteArray.defaultCall(CallSiteArray.java:42)
	at org.codehaus.groovy.runtime.callsite.AbstractCallSite.call(AbstractCallSite.java:108)
	at org.codehaus.groovy.runtime.callsite.AbstractCallSite.call(AbstractCallSite.java:116)
	at org.codehaus.groovy.grails.test.junit4.JUnit4GrailsTestType.doRun(JUnit4GrailsTestType.groovy:112)
	at sun.reflect.NativeMethodAccessorImpl.invoke0(Native Method)
	at sun.reflect.NativeMethodAccessorImpl.invoke(NativeMethodAccessorImpl.java:57)
	at sun.reflect.DelegatingMethodAccessorImpl.invoke(DelegatingMethodAccessorImpl.java:43)
	at java.lang.reflect.Method.invoke(Method.java:601)
	at org.codehaus.groovy.runtime.callsite.PogoMetaMethodSite$PogoCachedMethodSiteNoUnwrapNoCoerce.invoke(PogoMetaMethodSite.java:267)
	at org.codehaus.groovy.runtime.callsite.PogoMetaMethodSite.callCurrent(PogoMetaMethodSite.java:52)
	at org.codehaus.groovy.runtime.callsite.CallSiteArray.defaultCallCurrent(CallSiteArray.java:46)
	at org.codehaus.groovy.runtime.callsite.AbstractCallSite.callCurrent(AbstractCallSite.java:133)
	at org.codehaus.groovy.runtime.callsite.AbstractCallSite.callCurrent(AbstractCallSite.java:141)
	at org.codehaus.groovy.grails.test.support.GrailsTestTypeSupport.run(GrailsTestTypeSupport.groovy:120)
	at org.codehaus.groovy.grails.test.GrailsTestType$run.call(Unknown Source)
	at org.codehaus.groovy.runtime.callsite.CallSiteArray.defaultCall(CallSiteArray.java:42)
	at org.codehaus.groovy.runtime.callsite.AbstractCallSite.call(AbstractCallSite.java:108)
	at org.codehaus.groovy.runtime.callsite.AbstractCallSite.call(AbstractCallSite.java:116)
	at TestApp$_run_closure4.doCall(TestApp:290)
	at sun.reflect.NativeMethodAccessorImpl.invoke0(Native Method)
	at sun.reflect.NativeMethodAccessorImpl.invoke(NativeMethodAccessorImpl.java:57)
	at sun.reflect.DelegatingMethodAccessorImpl.invoke(DelegatingMethodAccessorImpl.java:43)
	at java.lang.reflect.Method.invoke(Method.java:601)
	at org.codehaus.groovy.runtime.callsite.PogoMetaMethodSite$PogoCachedMethodSiteNoUnwrapNoCoerce.invoke(PogoMetaMethodSite.java:267)
	at org.codehaus.groovy.runtime.callsite.PogoMetaMethodSite.callCurrent(PogoMetaMethodSite.java:52)
	at org.codehaus.groovy.runtime.callsite.CallSiteArray.defaultCallCurrent(CallSiteArray.java:46)
	at org.codehaus.groovy.runtime.callsite.AbstractCallSite.callCurrent(AbstractCallSite.java:133)
	at org.codehaus.groovy.runtime.callsite.AbstractCallSite.callCurrent(AbstractCallSite.java:145)
	at TestApp$_run_closure4.call(TestApp)
	at sun.reflect.NativeMethodAccessorImpl.invoke0(Native Method)
	at sun.reflect.NativeMethodAccessorImpl.invoke(NativeMethodAccessorImpl.java:57)
	at sun.reflect.DelegatingMethodAccessorImpl.invoke(DelegatingMethodAccessorImpl.java:43)
	at java.lang.reflect.Method.invoke(Method.java:601)
	at org.codehaus.groovy.reflection.CachedMethod.invoke(CachedMethod.java:90)
	at groovy.lang.MetaMethod.doMethodInvoke(MetaMethod.java:233)
	at groovy.lang.MetaClassImpl.invokeMethod(MetaClassImpl.java:1047)
	at groovy.lang.ExpandoMetaClass.invokeMethod(ExpandoMetaClass.java:1110)
	at groovy.lang.MetaClassImpl.invokeMethod(MetaClassImpl.java:877)
	at groovy.lang.MetaClassImpl.invokePropertyOrMissing(MetaClassImpl.java:1093)
	at groovy.lang.MetaClassImpl.invokeMethod(MetaClassImpl.java:1049)
	at groovy.lang.ExpandoMetaClass.invokeMethod(ExpandoMetaClass.java:1110)
	at groovy.lang.MetaClassImpl.invokeMethod(MetaClassImpl.java:877)
	at groovy.lang.MetaClassImpl.invokeMethod(MetaClassImpl.java:697)
	at groovy.lang.GroovyObjectSupport.invokeMethod(GroovyObjectSupport.java:44)
	at groovy.lang.Script.invokeMethod(Script.java:78)
	at groovy.lang.MetaClassImpl.invokeMethodOnGroovyObject(MetaClassImpl.java:1112)
	at groovy.lang.MetaClassImpl.invokeMethod(MetaClassImpl.java:1006)
	at groovy.lang.ExpandoMetaClass.invokeMethod(ExpandoMetaClass.java:1110)
	at groovy.lang.MetaClassImpl.invokeMethod(MetaClassImpl.java:877)
	at org.codehaus.groovy.runtime.callsite.PogoMetaClassSite.callCurrent(PogoMetaClassSite.java:66)
	at org.codehaus.groovy.runtime.callsite.CallSiteArray.defaultCallCurrent(CallSiteArray.java:46)
	at org.codehaus.groovy.runtime.callsite.AbstractCallSite.callCurrent(AbstractCallSite.java:133)
	at org.codehaus.groovy.runtime.callsite.AbstractCallSite.callCurrent(AbstractCallSite.java:145)
	at TestApp$_run_closure2.doCall(TestApp:248)
	at sun.reflect.NativeMethodAccessorImpl.invoke0(Native Method)
	at sun.reflect.NativeMethodAccessorImpl.invoke(NativeMethodAccessorImpl.java:57)
	at sun.reflect.DelegatingMethodAccessorImpl.invoke(DelegatingMethodAccessorImpl.java:43)
	at java.lang.reflect.Method.invoke(Method.java:601)
	at org.codehaus.groovy.reflection.CachedMethod.invoke(CachedMethod.java:90)
	at groovy.lang.MetaMethod.doMethodInvoke(MetaMethod.java:233)
	at groovy.lang.MetaClassImpl.invokeMethod(MetaClassImpl.java:1047)
	at groovy.lang.ExpandoMetaClass.invokeMethod(ExpandoMetaClass.java:1110)
	at groovy.lang.MetaClassImpl.invokeMethod(MetaClassImpl.java:877)
	at groovy.lang.Closure.call(Closure.java:412)
	at groovy.lang.Closure.call(Closure.java:425)
	at org.codehaus.groovy.runtime.DefaultGroovyMethods.each(DefaultGroovyMethods.java:1376)
	at org.codehaus.groovy.runtime.DefaultGroovyMethods.each(DefaultGroovyMethods.java:1348)
	at org.codehaus.groovy.runtime.dgm$162.invoke(Unknown Source)
	at org.codehaus.groovy.runtime.callsite.PojoMetaMethodSite$PojoMetaMethodSiteNoUnwrapNoCoerce.invoke(PojoMetaMethodSite.java:271)
	at org.codehaus.groovy.runtime.callsite.PojoMetaMethodSite.call(PojoMetaMethodSite.java:53)
	at org.codehaus.groovy.runtime.callsite.CallSiteArray.defaultCall(CallSiteArray.java:42)
	at org.codehaus.groovy.runtime.callsite.AbstractCallSite.call(AbstractCallSite.java:108)
	at org.codehaus.groovy.runtime.callsite.AbstractCallSite.call(AbstractCallSite.java:116)
	at TestApp$_run_closure1_closure21.doCall(TestApp:195)
	at sun.reflect.NativeMethodAccessorImpl.invoke0(Native Method)
	at sun.reflect.NativeMethodAccessorImpl.invoke(NativeMethodAccessorImpl.java:57)
	at sun.reflect.DelegatingMethodAccessorImpl.invoke(DelegatingMethodAccessorImpl.java:43)
	at java.lang.reflect.Method.invoke(Method.java:601)
	at org.codehaus.groovy.reflection.CachedMethod.invoke(CachedMethod.java:90)
	at groovy.lang.MetaMethod.doMethodInvoke(MetaMethod.java:233)
	at groovy.lang.MetaClassImpl.invokeMethod(MetaClassImpl.java:1047)
	at groovy.lang.ExpandoMetaClass.invokeMethod(ExpandoMetaClass.java:1110)
	at groovy.lang.MetaClassImpl.invokeMethod(MetaClassImpl.java:877)
	at groovy.lang.Closure.call(Closure.java:412)
	at org.codehaus.groovy.runtime.DefaultGroovyMethods.callClosureForMapEntry(DefaultGroovyMethods.java:3578)
	at org.codehaus.groovy.runtime.DefaultGroovyMethods.each(DefaultGroovyMethods.java:1405)
	at org.codehaus.groovy.runtime.dgm$163.invoke(Unknown Source)
	at org.codehaus.groovy.runtime.callsite.PojoMetaMethodSite$PojoMetaMethodSiteNoUnwrapNoCoerce.invoke(PojoMetaMethodSite.java:271)
	at org.codehaus.groovy.runtime.callsite.PojoMetaMethodSite.call(PojoMetaMethodSite.java:53)
	at org.codehaus.groovy.runtime.callsite.CallSiteArray.defaultCall(CallSiteArray.java:42)
	at org.codehaus.groovy.runtime.callsite.AbstractCallSite.call(AbstractCallSite.java:108)
	at org.codehaus.groovy.runtime.callsite.AbstractCallSite.call(AbstractCallSite.java:116)
	at TestApp$_run_closure1.doCall(TestApp:184)
	at sun.reflect.NativeMethodAccessorImpl.invoke0(Native Method)
	at sun.reflect.NativeMethodAccessorImpl.invoke(NativeMethodAccessorImpl.java:57)
	at sun.reflect.DelegatingMethodAccessorImpl.invoke(DelegatingMethodAccessorImpl.java:43)
	at java.lang.reflect.Method.invoke(Method.java:601)
	at org.codehaus.groovy.reflection.CachedMethod.invoke(CachedMethod.java:90)
	at groovy.lang.MetaMethod.doMethodInvoke(MetaMethod.java:233)
	at groovy.lang.MetaClassImpl.invokeMethod(MetaClassImpl.java:1047)
	at groovy.lang.ExpandoMetaClass.invokeMethod(ExpandoMetaClass.java:1110)
	at groovy.lang.MetaClassImpl.invokeMethod(MetaClassImpl.java:877)
	at groovy.lang.DelegatingMetaClass.invokeMethod(DelegatingMetaClass.java:149)
	at org.codehaus.gant.GantMetaClass.invokeMethod(GantMetaClass.java:133)
	at groovy.lang.Closure.call(Closure.java:412)
	at groovy.lang.Closure.call(Closure.java:425)
	at sun.reflect.GeneratedMethodAccessor60.invoke(Unknown Source)
	at sun.reflect.DelegatingMethodAccessorImpl.invoke(DelegatingMethodAccessorImpl.java:43)
	at java.lang.reflect.Method.invoke(Method.java:601)
	at org.codehaus.groovy.reflection.CachedMethod.invoke(CachedMethod.java:90)
	at groovy.lang.MetaMethod.doMethodInvoke(MetaMethod.java:233)
	at groovy.lang.MetaClassImpl.invokeMethod(MetaClassImpl.java:1047)
	at groovy.lang.ExpandoMetaClass.invokeMethod(ExpandoMetaClass.java:1110)
	at groovy.lang.MetaClassImpl.invokeMethod(MetaClassImpl.java:877)
	at groovy.lang.DelegatingMetaClass.invokeMethod(DelegatingMetaClass.java:149)
	at org.codehaus.gant.GantMetaClass.invokeMethod(GantMetaClass.java:133)
	at org.codehaus.groovy.runtime.callsite.PogoMetaClassSite.call(PogoMetaClassSite.java:39)
	at org.codehaus.groovy.runtime.callsite.CallSiteArray.defaultCall(CallSiteArray.java:42)
	at org.codehaus.groovy.runtime.callsite.PogoMetaClassSite.call(PogoMetaClassSite.java:54)
	at org.codehaus.groovy.runtime.callsite.AbstractCallSite.call(AbstractCallSite.java:116)
	at org.codehaus.gant.GantBinding$_initializeGantBinding_closure5_closure16_closure18.doCall(GantBinding.groovy:185)
	at sun.reflect.NativeMethodAccessorImpl.invoke0(Native Method)
	at sun.reflect.NativeMethodAccessorImpl.invoke(NativeMethodAccessorImpl.java:57)
	at sun.reflect.DelegatingMethodAccessorImpl.invoke(DelegatingMethodAccessorImpl.java:43)
	at java.lang.reflect.Method.invoke(Method.java:601)
	at org.codehaus.groovy.runtime.callsite.PogoMetaMethodSite$PogoCachedMethodSite.invoke(PogoMetaMethodSite.java:226)
	at org.codehaus.groovy.runtime.callsite.PogoMetaMethodSite.callCurrent(PogoMetaMethodSite.java:52)
	at org.codehaus.groovy.runtime.callsite.AbstractCallSite.callCurrent(AbstractCallSite.java:141)
	at org.codehaus.gant.GantBinding$_initializeGantBinding_closure5_closure16_closure18.doCall(GantBinding.groovy)
	at sun.reflect.NativeMethodAccessorImpl.invoke0(Native Method)
	at sun.reflect.NativeMethodAccessorImpl.invoke(NativeMethodAccessorImpl.java:57)
	at sun.reflect.DelegatingMethodAccessorImpl.invoke(DelegatingMethodAccessorImpl.java:43)
	at java.lang.reflect.Method.invoke(Method.java:601)
	at org.codehaus.groovy.reflection.CachedMethod.invoke(CachedMethod.java:90)
	at groovy.lang.MetaMethod.doMethodInvoke(MetaMethod.java:233)
	at groovy.lang.MetaClassImpl.invokeMethod(MetaClassImpl.java:1047)
	at groovy.lang.ExpandoMetaClass.invokeMethod(ExpandoMetaClass.java:1110)
	at groovy.lang.MetaClassImpl.invokeMethod(MetaClassImpl.java:877)
	at groovy.lang.Closure.call(Closure.java:412)
	at groovy.lang.Closure.call(Closure.java:406)
	at java_util_concurrent_Callable$call.call(Unknown Source)
	at org.codehaus.gant.GantBinding.withTargetEvent(GantBinding.groovy:90)
	at org.codehaus.gant.GantBinding.this$4$withTargetEvent(GantBinding.groovy)
	at sun.reflect.NativeMethodAccessorImpl.invoke0(Native Method)
	at sun.reflect.NativeMethodAccessorImpl.invoke(NativeMethodAccessorImpl.java:57)
	at sun.reflect.DelegatingMethodAccessorImpl.invoke(DelegatingMethodAccessorImpl.java:43)
	at java.lang.reflect.Method.invoke(Method.java:601)
	at org.codehaus.groovy.reflection.CachedMethod.invoke(CachedMethod.java:90)
	at groovy.lang.MetaMethod.doMethodInvoke(MetaMethod.java:233)
	at groovy.lang.MetaClassImpl.invokeMethod(MetaClassImpl.java:1047)
	at groovy.lang.ExpandoMetaClass.invokeMethod(ExpandoMetaClass.java:1110)
	at groovy.lang.MetaClassImpl.invokeMethod(MetaClassImpl.java:877)
	at groovy.lang.MetaClassImpl.invokeMethod(MetaClassImpl.java:992)
	at groovy.lang.ExpandoMetaClass.invokeMethod(ExpandoMetaClass.java:1110)
	at groovy.lang.MetaClassImpl.invokeMethod(MetaClassImpl.java:877)
	at groovy.lang.MetaClassImpl.invokeMethod(MetaClassImpl.java:697)
	at groovy.lang.GroovyObjectSupport.invokeMethod(GroovyObjectSupport.java:44)
	at groovy.lang.MetaClassImpl.invokeMethodOnGroovyObject(MetaClassImpl.java:1112)
	at groovy.lang.MetaClassImpl.invokeMethod(MetaClassImpl.java:1006)
	at groovy.lang.ExpandoMetaClass.invokeMethod(ExpandoMetaClass.java:1110)
	at groovy.lang.MetaClassImpl.invokeMethod(MetaClassImpl.java:877)
	at org.codehaus.groovy.runtime.callsite.PogoMetaClassSite.callCurrent(PogoMetaClassSite.java:66)
	at org.codehaus.groovy.runtime.callsite.AbstractCallSite.callCurrent(AbstractCallSite.java:149)
	at org.codehaus.gant.GantBinding$_initializeGantBinding_closure5_closure16.doCall(GantBinding.groovy:185)
	at sun.reflect.NativeMethodAccessorImpl.invoke0(Native Method)
	at sun.reflect.NativeMethodAccessorImpl.invoke(NativeMethodAccessorImpl.java:57)
	at sun.reflect.DelegatingMethodAccessorImpl.invoke(DelegatingMethodAccessorImpl.java:43)
	at java.lang.reflect.Method.invoke(Method.java:601)
	at org.codehaus.groovy.runtime.callsite.PogoMetaMethodSite$PogoCachedMethodSite.invoke(PogoMetaMethodSite.java:226)
	at org.codehaus.groovy.runtime.callsite.PogoMetaMethodSite.callCurrent(PogoMetaMethodSite.java:52)
	at org.codehaus.groovy.runtime.callsite.AbstractCallSite.callCurrent(AbstractCallSite.java:141)
	at org.codehaus.gant.GantBinding$_initializeGantBinding_closure5_closure16.doCall(GantBinding.groovy)
	at sun.reflect.NativeMethodAccessorImpl.invoke0(Native Method)
	at sun.reflect.NativeMethodAccessorImpl.invoke(NativeMethodAccessorImpl.java:57)
	at sun.reflect.DelegatingMethodAccessorImpl.invoke(DelegatingMethodAccessorImpl.java:43)
	at java.lang.reflect.Method.invoke(Method.java:601)
	at org.codehaus.groovy.reflection.CachedMethod.invoke(CachedMethod.java:90)
	at groovy.lang.MetaMethod.doMethodInvoke(MetaMethod.java:233)
	at groovy.lang.MetaClassImpl.invokeMethod(MetaClassImpl.java:1047)
	at groovy.lang.ExpandoMetaClass.invokeMethod(ExpandoMetaClass.java:1110)
	at groovy.lang.MetaClassImpl.invokeMethod(MetaClassImpl.java:877)
	at groovy.lang.Closure.call(Closure.java:412)
	at groovy.lang.Closure.call(Closure.java:406)
	at sun.reflect.NativeMethodAccessorImpl.invoke0(Native Method)
	at sun.reflect.NativeMethodAccessorImpl.invoke(NativeMethodAccessorImpl.java:57)
	at sun.reflect.DelegatingMethodAccessorImpl.invoke(DelegatingMethodAccessorImpl.java:43)
	at java.lang.reflect.Method.invoke(Method.java:601)
	at org.codehaus.groovy.reflection.CachedMethod.invoke(CachedMethod.java:90)
	at groovy.lang.MetaMethod.doMethodInvoke(MetaMethod.java:233)
	at groovy.lang.MetaClassImpl.invokeMethod(MetaClassImpl.java:1047)
	at groovy.lang.ExpandoMetaClass.invokeMethod(ExpandoMetaClass.java:1110)
	at groovy.lang.MetaClassImpl.invokeMethod(MetaClassImpl.java:877)
	at groovy.lang.MetaClassImpl.invokePropertyOrMissing(MetaClassImpl.java:1093)
	at groovy.lang.MetaClassImpl.invokeMethod(MetaClassImpl.java:1049)
	at groovy.lang.ExpandoMetaClass.invokeMethod(ExpandoMetaClass.java:1110)
	at groovy.lang.MetaClassImpl.invokeMethod(MetaClassImpl.java:877)
	at groovy.lang.MetaClassImpl.invokeMethod(MetaClassImpl.java:697)
	at groovy.lang.GroovyObjectSupport.invokeMethod(GroovyObjectSupport.java:44)
	at groovy.lang.Script.invokeMethod(Script.java:78)
	at groovy.lang.MetaClassImpl.invokeMethodOnGroovyObject(MetaClassImpl.java:1112)
	at groovy.lang.MetaClassImpl.invokeMethod(MetaClassImpl.java:1006)
	at groovy.lang.ExpandoMetaClass.invokeMethod(ExpandoMetaClass.java:1110)
	at groovy.lang.MetaClassImpl.invokeMethod(MetaClassImpl.java:877)
	at groovy.lang.DelegatingMetaClass.invokeMethod(DelegatingMetaClass.java:149)
	at org.codehaus.gant.GantMetaClass.invokeMethod(GantMetaClass.java:133)
	at org.codehaus.groovy.runtime.callsite.PogoMetaClassSite.callCurrent(PogoMetaClassSite.java:66)
	at org.codehaus.groovy.runtime.callsite.CallSiteArray.defaultCallCurrent(CallSiteArray.java:46)
	at org.codehaus.groovy.runtime.callsite.AbstractCallSite.callCurrent(AbstractCallSite.java:133)
	at org.codehaus.groovy.runtime.callsite.AbstractCallSite.callCurrent(AbstractCallSite.java:137)
	at TestApp$_run_closure1.doCall(TestApp.groovy:82)
	at sun.reflect.NativeMethodAccessorImpl.invoke0(Native Method)
	at sun.reflect.NativeMethodAccessorImpl.invoke(NativeMethodAccessorImpl.java:57)
	at sun.reflect.DelegatingMethodAccessorImpl.invoke(DelegatingMethodAccessorImpl.java:43)
	at java.lang.reflect.Method.invoke(Method.java:601)
	at org.codehaus.groovy.reflection.CachedMethod.invoke(CachedMethod.java:90)
	at groovy.lang.MetaMethod.doMethodInvoke(MetaMethod.java:233)
	at groovy.lang.MetaClassImpl.invokeMethod(MetaClassImpl.java:1047)
	at groovy.lang.ExpandoMetaClass.invokeMethod(ExpandoMetaClass.java:1110)
	at groovy.lang.MetaClassImpl.invokeMethod(MetaClassImpl.java:877)
	at groovy.lang.DelegatingMetaClass.invokeMethod(DelegatingMetaClass.java:149)
	at org.codehaus.gant.GantMetaClass.invokeMethod(GantMetaClass.java:133)
	at groovy.lang.Closure.call(Closure.java:412)
	at groovy.lang.Closure.call(Closure.java:425)
	at sun.reflect.GeneratedMethodAccessor60.invoke(Unknown Source)
	at sun.reflect.DelegatingMethodAccessorImpl.invoke(DelegatingMethodAccessorImpl.java:43)
	at java.lang.reflect.Method.invoke(Method.java:601)
	at org.codehaus.groovy.reflection.CachedMethod.invoke(CachedMethod.java:90)
	at groovy.lang.MetaMethod.doMethodInvoke(MetaMethod.java:233)
	at groovy.lang.MetaClassImpl.invokeMethod(MetaClassImpl.java:1047)
	at groovy.lang.ExpandoMetaClass.invokeMethod(ExpandoMetaClass.java:1110)
	at groovy.lang.MetaClassImpl.invokeMethod(MetaClassImpl.java:877)
	at groovy.lang.DelegatingMetaClass.invokeMethod(DelegatingMetaClass.java:149)
	at org.codehaus.gant.GantMetaClass.invokeMethod(GantMetaClass.java:133)
	at org.codehaus.groovy.runtime.callsite.PogoMetaClassSite.call(PogoMetaClassSite.java:39)
	at org.codehaus.groovy.runtime.callsite.CallSiteArray.defaultCall(CallSiteArray.java:42)
	at org.codehaus.groovy.runtime.callsite.PogoMetaClassSite.call(PogoMetaClassSite.java:54)
	at org.codehaus.groovy.runtime.callsite.AbstractCallSite.call(AbstractCallSite.java:116)
	at org.codehaus.gant.GantBinding$_initializeGantBinding_closure5_closure16_closure18.doCall(GantBinding.groovy:185)
	at sun.reflect.NativeMethodAccessorImpl.invoke0(Native Method)
	at sun.reflect.NativeMethodAccessorImpl.invoke(NativeMethodAccessorImpl.java:57)
	at sun.reflect.DelegatingMethodAccessorImpl.invoke(DelegatingMethodAccessorImpl.java:43)
	at java.lang.reflect.Method.invoke(Method.java:601)
	at org.codehaus.groovy.runtime.callsite.PogoMetaMethodSite$PogoCachedMethodSite.invoke(PogoMetaMethodSite.java:226)
	at org.codehaus.groovy.runtime.callsite.PogoMetaMethodSite.callCurrent(PogoMetaMethodSite.java:52)
	at org.codehaus.groovy.runtime.callsite.AbstractCallSite.callCurrent(AbstractCallSite.java:141)
	at org.codehaus.gant.GantBinding$_initializeGantBinding_closure5_closure16_closure18.doCall(GantBinding.groovy)
	at sun.reflect.NativeMethodAccessorImpl.invoke0(Native Method)
	at sun.reflect.NativeMethodAccessorImpl.invoke(NativeMethodAccessorImpl.java:57)
	at sun.reflect.DelegatingMethodAccessorImpl.invoke(DelegatingMethodAccessorImpl.java:43)
	at java.lang.reflect.Method.invoke(Method.java:601)
	at org.codehaus.groovy.reflection.CachedMethod.invoke(CachedMethod.java:90)
	at groovy.lang.MetaMethod.doMethodInvoke(MetaMethod.java:233)
	at groovy.lang.MetaClassImpl.invokeMethod(MetaClassImpl.java:1047)
	at groovy.lang.ExpandoMetaClass.invokeMethod(ExpandoMetaClass.java:1110)
	at groovy.lang.MetaClassImpl.invokeMethod(MetaClassImpl.java:877)
	at groovy.lang.Closure.call(Closure.java:412)
	at groovy.lang.Closure.call(Closure.java:406)
	at java_util_concurrent_Callable$call.call(Unknown Source)
	at org.codehaus.gant.GantBinding.withTargetEvent(GantBinding.groovy:90)
	at org.codehaus.gant.GantBinding.this$4$withTargetEvent(GantBinding.groovy)
	at sun.reflect.NativeMethodAccessorImpl.invoke0(Native Method)
	at sun.reflect.NativeMethodAccessorImpl.invoke(NativeMethodAccessorImpl.java:57)
	at sun.reflect.DelegatingMethodAccessorImpl.invoke(DelegatingMethodAccessorImpl.java:43)
	at java.lang.reflect.Method.invoke(Method.java:601)
	at org.codehaus.groovy.reflection.CachedMethod.invoke(CachedMethod.java:90)
	at groovy.lang.MetaMethod.doMethodInvoke(MetaMethod.java:233)
	at groovy.lang.MetaClassImpl.invokeMethod(MetaClassImpl.java:1047)
	at groovy.lang.ExpandoMetaClass.invokeMethod(ExpandoMetaClass.java:1110)
	at groovy.lang.MetaClassImpl.invokeMethod(MetaClassImpl.java:877)
	at groovy.lang.MetaClassImpl.invokeMethod(MetaClassImpl.java:992)
	at groovy.lang.ExpandoMetaClass.invokeMethod(ExpandoMetaClass.java:1110)
	at groovy.lang.MetaClassImpl.invokeMethod(MetaClassImpl.java:877)
	at groovy.lang.MetaClassImpl.invokeMethod(MetaClassImpl.java:697)
	at groovy.lang.GroovyObjectSupport.invokeMethod(GroovyObjectSupport.java:44)
	at groovy.lang.MetaClassImpl.invokeMethodOnGroovyObject(MetaClassImpl.java:1112)
	at groovy.lang.MetaClassImpl.invokeMethod(MetaClassImpl.java:1006)
	at groovy.lang.ExpandoMetaClass.invokeMethod(ExpandoMetaClass.java:1110)
	at groovy.lang.MetaClassImpl.invokeMethod(MetaClassImpl.java:877)
	at org.codehaus.groovy.runtime.callsite.PogoMetaClassSite.callCurrent(PogoMetaClassSite.java:66)
	at org.codehaus.groovy.runtime.callsite.AbstractCallSite.callCurrent(AbstractCallSite.java:149)
	at org.codehaus.gant.GantBinding$_initializeGantBinding_closure5_closure16.doCall(GantBinding.groovy:185)
	at sun.reflect.NativeMethodAccessorImpl.invoke0(Native Method)
	at sun.reflect.NativeMethodAccessorImpl.invoke(NativeMethodAccessorImpl.java:57)
	at sun.reflect.DelegatingMethodAccessorImpl.invoke(DelegatingMethodAccessorImpl.java:43)
	at java.lang.reflect.Method.invoke(Method.java:601)
	at org.codehaus.groovy.runtime.callsite.PogoMetaMethodSite$PogoCachedMethodSite.invoke(PogoMetaMethodSite.java:226)
	at org.codehaus.groovy.runtime.callsite.PogoMetaMethodSite.callCurrent(PogoMetaMethodSite.java:52)
	at org.codehaus.groovy.runtime.callsite.AbstractCallSite.callCurrent(AbstractCallSite.java:141)
	at org.codehaus.gant.GantBinding$_initializeGantBinding_closure5_closure16.doCall(GantBinding.groovy)
	at sun.reflect.NativeMethodAccessorImpl.invoke0(Native Method)
	at sun.reflect.NativeMethodAccessorImpl.invoke(NativeMethodAccessorImpl.java:57)
	at sun.reflect.DelegatingMethodAccessorImpl.invoke(DelegatingMethodAccessorImpl.java:43)
	at java.lang.reflect.Method.invoke(Method.java:601)
	at org.codehaus.groovy.reflection.CachedMethod.invoke(CachedMethod.java:90)
	at groovy.lang.MetaMethod.doMethodInvoke(MetaMethod.java:233)
	at groovy.lang.MetaClassImpl.invokeMethod(MetaClassImpl.java:1047)
	at groovy.lang.ExpandoMetaClass.invokeMethod(ExpandoMetaClass.java:1110)
	at groovy.lang.MetaClassImpl.invokeMethod(MetaClassImpl.java:877)
	at groovy.lang.Closure.call(Closure.java:412)
	at groovy.lang.Closure.call(Closure.java:406)
	at java_util_concurrent_Callable$call.call(Unknown Source)
	at org.codehaus.groovy.runtime.callsite.CallSiteArray.defaultCall(CallSiteArray.java:42)
	at org.codehaus.groovy.runtime.callsite.AbstractCallSite.call(AbstractCallSite.java:108)
	at org.codehaus.groovy.runtime.callsite.AbstractCallSite.call(AbstractCallSite.java:112)
	at gant.Gant$_dispatch_closure5.doCall(Gant.groovy:381)
	at sun.reflect.NativeMethodAccessorImpl.invoke0(Native Method)
	at sun.reflect.NativeMethodAccessorImpl.invoke(NativeMethodAccessorImpl.java:57)
	at sun.reflect.DelegatingMethodAccessorImpl.invoke(DelegatingMethodAccessorImpl.java:43)
	at java.lang.reflect.Method.invoke(Method.java:601)
	at org.codehaus.groovy.reflection.CachedMethod.invoke(CachedMethod.java:90)
	at groovy.lang.MetaMethod.doMethodInvoke(MetaMethod.java:233)
	at groovy.lang.MetaClassImpl.invokeMethod(MetaClassImpl.java:1047)
	at groovy.lang.ExpandoMetaClass.invokeMethod(ExpandoMetaClass.java:1110)
	at groovy.lang.MetaClassImpl.invokeMethod(MetaClassImpl.java:877)
	at groovy.lang.Closure.call(Closure.java:412)
	at groovy.lang.Closure.call(Closure.java:425)
	at groovy.lang.Closure$call.call(Unknown Source)
	at org.codehaus.groovy.runtime.callsite.CallSiteArray.defaultCall(CallSiteArray.java:42)
	at org.codehaus.groovy.runtime.callsite.AbstractCallSite.call(AbstractCallSite.java:108)
	at org.codehaus.groovy.runtime.callsite.AbstractCallSite.call(AbstractCallSite.java:116)
	at gant.Gant$_dispatch_closure7.doCall(Gant.groovy:415)
	at sun.reflect.NativeMethodAccessorImpl.invoke0(Native Method)
	at sun.reflect.NativeMethodAccessorImpl.invoke(NativeMethodAccessorImpl.java:57)
	at sun.reflect.DelegatingMethodAccessorImpl.invoke(DelegatingMethodAccessorImpl.java:43)
	at java.lang.reflect.Method.invoke(Method.java:601)
	at org.codehaus.groovy.runtime.callsite.PogoMetaMethodSite$PogoCachedMethodSite.invoke(PogoMetaMethodSite.java:226)
	at org.codehaus.groovy.runtime.callsite.PogoMetaMethodSite.callCurrent(PogoMetaMethodSite.java:52)
	at org.codehaus.groovy.runtime.callsite.CallSiteArray.defaultCallCurrent(CallSiteArray.java:46)
	at org.codehaus.groovy.runtime.callsite.AbstractCallSite.callCurrent(AbstractCallSite.java:133)
	at org.codehaus.groovy.runtime.callsite.AbstractCallSite.callCurrent(AbstractCallSite.java:141)
	at gant.Gant$_dispatch_closure7.doCall(Gant.groovy)
	at sun.reflect.NativeMethodAccessorImpl.invoke0(Native Method)
	at sun.reflect.NativeMethodAccessorImpl.invoke(NativeMethodAccessorImpl.java:57)
	at sun.reflect.DelegatingMethodAccessorImpl.invoke(DelegatingMethodAccessorImpl.java:43)
	at java.lang.reflect.Method.invoke(Method.java:601)
	at org.codehaus.groovy.reflection.CachedMethod.invoke(CachedMethod.java:90)
	at groovy.lang.MetaMethod.doMethodInvoke(MetaMethod.java:233)
	at groovy.lang.MetaClassImpl.invokeMethod(MetaClassImpl.java:1047)
	at groovy.lang.ExpandoMetaClass.invokeMethod(ExpandoMetaClass.java:1110)
	at groovy.lang.MetaClassImpl.invokeMethod(MetaClassImpl.java:877)
	at groovy.lang.Closure.call(Closure.java:412)
	at groovy.lang.Closure.call(Closure.java:406)
	at java_util_concurrent_Callable$call.call(Unknown Source)
	at org.codehaus.groovy.runtime.callsite.CallSiteArray.defaultCall(CallSiteArray.java:42)
	at org.codehaus.groovy.runtime.callsite.AbstractCallSite.call(AbstractCallSite.java:108)
	at org.codehaus.groovy.runtime.callsite.AbstractCallSite.call(AbstractCallSite.java:112)
	at gant.Gant.withBuildListeners(Gant.groovy:427)
	at gant.Gant.this$2$withBuildListeners(Gant.groovy)
	at gant.Gant$this$2$withBuildListeners.callCurrent(Unknown Source)
	at org.codehaus.groovy.runtime.callsite.CallSiteArray.defaultCallCurrent(CallSiteArray.java:46)
	at org.codehaus.groovy.runtime.callsite.AbstractCallSite.callCurrent(AbstractCallSite.java:133)
	at org.codehaus.groovy.runtime.callsite.AbstractCallSite.callCurrent(AbstractCallSite.java:141)
	at gant.Gant.dispatch(Gant.groovy:415)
	at gant.Gant.this$2$dispatch(Gant.groovy)
	at sun.reflect.NativeMethodAccessorImpl.invoke0(Native Method)
	at sun.reflect.NativeMethodAccessorImpl.invoke(NativeMethodAccessorImpl.java:57)
	at sun.reflect.DelegatingMethodAccessorImpl.invoke(DelegatingMethodAccessorImpl.java:43)
	at java.lang.reflect.Method.invoke(Method.java:601)
	at org.codehaus.groovy.reflection.CachedMethod.invoke(CachedMethod.java:90)
	at groovy.lang.MetaMethod.doMethodInvoke(MetaMethod.java:233)
	at groovy.lang.MetaClassImpl.invokeMethod(MetaClassImpl.java:1047)
	at groovy.lang.ExpandoMetaClass.invokeMethod(ExpandoMetaClass.java:1110)
	at groovy.lang.MetaClassImpl.invokeMethod(MetaClassImpl.java:877)
	at groovy.lang.MetaClassImpl.invokeMethod(MetaClassImpl.java:699)
	at gant.Gant.invokeMethod(Gant.groovy)
	at groovy.lang.GroovyObject$invokeMethod.callCurrent(Unknown Source)
	at org.codehaus.groovy.runtime.callsite.CallSiteArray.defaultCallCurrent(CallSiteArray.java:46)
	at org.codehaus.groovy.runtime.callsite.AbstractCallSite.callCurrent(AbstractCallSite.java:133)
	at org.codehaus.groovy.runtime.callsite.AbstractCallSite.callCurrent(AbstractCallSite.java:145)
	at gant.Gant.executeTargets(Gant.groovy:591)
	at sun.reflect.NativeMethodAccessorImpl.invoke0(Native Method)
	at sun.reflect.NativeMethodAccessorImpl.invoke(NativeMethodAccessorImpl.java:57)
	at sun.reflect.DelegatingMethodAccessorImpl.invoke(DelegatingMethodAccessorImpl.java:43)
	at java.lang.reflect.Method.invoke(Method.java:601)
	at org.codehaus.groovy.runtime.callsite.PogoMetaMethodSite$PogoCachedMethodSite.invoke(PogoMetaMethodSite.java:226)
	at org.codehaus.groovy.runtime.callsite.PogoMetaMethodSite.callCurrent(PogoMetaMethodSite.java:52)
	at org.codehaus.groovy.runtime.callsite.CallSiteArray.defaultCallCurrent(CallSiteArray.java:46)
	at org.codehaus.groovy.runtime.callsite.AbstractCallSite.callCurrent(AbstractCallSite.java:133)
	at org.codehaus.groovy.runtime.callsite.AbstractCallSite.callCurrent(AbstractCallSite.java:145)
	at gant.Gant.executeTargets(Gant.groovy:590)
	at org.codehaus.groovy.grails.cli.GrailsScriptRunner.executeWithGantInstance(GrailsScriptRunner.java:693)
	at org.codehaus.groovy.grails.cli.GrailsScriptRunner.executeScriptFile(GrailsScriptRunner.java:497)
	at org.codehaus.groovy.grails.cli.GrailsScriptRunner.executeScriptWithCaching(GrailsScriptRunner.java:432)
	at org.codehaus.groovy.grails.cli.GrailsScriptRunner.callPluginOrGrailsScript(GrailsScriptRunner.java:383)
	at org.codehaus.groovy.grails.cli.GrailsScriptRunner.executeCommand(GrailsScriptRunner.java:362)
	at org.codehaus.groovy.grails.cli.GrailsScriptRunner.main(GrailsScriptRunner.java:228)
	at sun.reflect.NativeMethodAccessorImpl.invoke0(Native Method)
	at sun.reflect.NativeMethodAccessorImpl.invoke(NativeMethodAccessorImpl.java:57)
	at sun.reflect.DelegatingMethodAccessorImpl.invoke(DelegatingMethodAccessorImpl.java:43)
	at java.lang.reflect.Method.invoke(Method.java:601)
	at org.codehaus.groovy.grails.cli.support.GrailsStarter.rootLoader(GrailsStarter.java:234)
	at org.codehaus.groovy.grails.cli.support.GrailsStarter.main(GrailsStarter.java:262)
2012-05-03 23:15:00,614 [main] ERROR StackTrace  - Full Stack Trace:
org.codehaus.groovy.runtime.typehandling.GroovyCastException: Cannot cast object '1-1-2012' with class 'java.lang.String' to class 'java.util.Date'
	at grails.buildtestdata.DomainInstanceBuilder.setDomainPropertyValue(DomainInstanceBuilder.groovy:159)
	at grails.buildtestdata.DomainInstanceBuilder.populateInstance(DomainInstanceBuilder.groovy:137)
	at grails.buildtestdata.DomainInstanceBuilder.build(DomainInstanceBuilder.groovy:124)
	at grails.buildtestdata.DomainInstanceBuilder.build(DomainInstanceBuilder.groovy:123)
	at grails.buildtestdata.BuildTestDataService$_addBuildMethods_closure5.doCall(BuildTestDataService.groovy:46)
	at teamtracker.GameTests.testCreateValidGame(GameTests.groovy:28)
2012-05-03 23:15:00,623 [main] ERROR StackTrace  - Full Stack Trace:
org.codehaus.groovy.runtime.typehandling.GroovyCastException: Cannot cast object '1-1-2012' with class 'java.lang.String' to class 'java.util.Date'
	at grails.buildtestdata.DomainInstanceBuilder.setDomainPropertyValue(DomainInstanceBuilder.groovy:159)
	at grails.buildtestdata.DomainInstanceBuilder.populateInstance(DomainInstanceBuilder.groovy:137)
	at grails.buildtestdata.DomainInstanceBuilder.build(DomainInstanceBuilder.groovy:124)
	at grails.buildtestdata.DomainInstanceBuilder.build(DomainInstanceBuilder.groovy:123)
	at grails.buildtestdata.BuildTestDataService$_addBuildMethods_closure5.doCall(BuildTestDataService.groovy:46)
	at teamtracker.GameTests.testCreateValidGame(GameTests.groovy:28)
2012-05-03 23:15:00,624 [main] ERROR StackTrace  - Full Stack Trace:
org.codehaus.groovy.runtime.typehandling.GroovyCastException: Cannot cast object '1-1-2012' with class 'java.lang.String' to class 'java.util.Date'
	at grails.buildtestdata.DomainInstanceBuilder.setDomainPropertyValue(DomainInstanceBuilder.groovy:159)
	at grails.buildtestdata.DomainInstanceBuilder.populateInstance(DomainInstanceBuilder.groovy:137)
	at grails.buildtestdata.DomainInstanceBuilder.build(DomainInstanceBuilder.groovy:124)
	at grails.buildtestdata.DomainInstanceBuilder.build(DomainInstanceBuilder.groovy:123)
	at grails.buildtestdata.BuildTestDataService$_addBuildMethods_closure5.doCall(BuildTestDataService.groovy:46)
	at teamtracker.GameTests.testCreateValidGame(GameTests.groovy:28)
2012-05-03 23:15:00,648 [main] ERROR StackTrace  - Full Stack Trace:
org.codehaus.groovy.runtime.typehandling.GroovyCastException: Cannot cast object '1-1-2012' with class 'java.lang.String' to class 'java.util.Date'
	at grails.buildtestdata.DomainInstanceBuilder.setDomainPropertyValue(DomainInstanceBuilder.groovy:159)
	at grails.buildtestdata.DomainInstanceBuilder.populateInstance(DomainInstanceBuilder.groovy:137)
	at grails.buildtestdata.DomainInstanceBuilder.build(DomainInstanceBuilder.groovy:124)
	at grails.buildtestdata.DomainInstanceBuilder.build(DomainInstanceBuilder.groovy:123)
	at grails.buildtestdata.BuildTestDataService$_addBuildMethods_closure5.doCall(BuildTestDataService.groovy:46)
	at teamtracker.GameTests.testCreateValidGame(GameTests.groovy:28)
2012-05-03 23:15:00,648 [main] ERROR StackTrace  - Full Stack Trace:
org.codehaus.groovy.runtime.typehandling.GroovyCastException: Cannot cast object '1-1-2012' with class 'java.lang.String' to class 'java.util.Date'
	at grails.buildtestdata.DomainInstanceBuilder.setDomainPropertyValue(DomainInstanceBuilder.groovy:159)
	at grails.buildtestdata.DomainInstanceBuilder.populateInstance(DomainInstanceBuilder.groovy:137)
	at grails.buildtestdata.DomainInstanceBuilder.build(DomainInstanceBuilder.groovy:124)
	at grails.buildtestdata.DomainInstanceBuilder.build(DomainInstanceBuilder.groovy:123)
	at grails.buildtestdata.BuildTestDataService$_addBuildMethods_closure5.doCall(BuildTestDataService.groovy:46)
	at teamtracker.GameTests.testCreateValidGame(GameTests.groovy:28)
2012-05-03 23:15:59,017 [main] ERROR StackTrace  - Full Stack Trace:
java.lang.IllegalArgumentException
	at java.util.Date.parse(Date.java:615)
	at java.util.Date.<init>(Date.java:272)
	at sun.reflect.NativeConstructorAccessorImpl.newInstance0(Native Method)
	at sun.reflect.NativeConstructorAccessorImpl.newInstance(NativeConstructorAccessorImpl.java:57)
	at sun.reflect.DelegatingConstructorAccessorImpl.newInstance(DelegatingConstructorAccessorImpl.java:45)
	at java.lang.reflect.Constructor.newInstance(Constructor.java:525)
	at org.codehaus.groovy.reflection.CachedConstructor.invoke(CachedConstructor.java:77)
	at org.codehaus.groovy.runtime.callsite.ConstructorSite$ConstructorSiteNoUnwrapNoCoerce.callConstructor(ConstructorSite.java:102)
	at org.codehaus.groovy.runtime.callsite.CallSiteArray.defaultCallConstructor(CallSiteArray.java:54)
	at org.codehaus.groovy.runtime.callsite.AbstractCallSite.callConstructor(AbstractCallSite.java:182)
	at org.codehaus.groovy.runtime.callsite.AbstractCallSite.callConstructor(AbstractCallSite.java:190)
	at teamtracker.GameTests.testCreateValidGame(GameTests.groovy:28)
	at sun.reflect.NativeMethodAccessorImpl.invoke0(Native Method)
	at sun.reflect.NativeMethodAccessorImpl.invoke(NativeMethodAccessorImpl.java:57)
	at sun.reflect.DelegatingMethodAccessorImpl.invoke(DelegatingMethodAccessorImpl.java:43)
	at java.lang.reflect.Method.invoke(Method.java:601)
	at org.junit.runners.model.FrameworkMethod$1.runReflectiveCall(FrameworkMethod.java:45)
	at org.junit.internal.runners.model.ReflectiveCallable.run(ReflectiveCallable.java:15)
	at org.junit.runners.model.FrameworkMethod.invokeExplosively(FrameworkMethod.java:42)
	at org.junit.internal.runners.statements.InvokeMethod.evaluate(InvokeMethod.java:20)
	at org.junit.internal.runners.statements.RunBefores.evaluate(RunBefores.java:28)
	at org.junit.internal.runners.statements.RunAfters.evaluate(RunAfters.java:30)
	at org.junit.runners.ParentRunner.runLeaf(ParentRunner.java:263)
	at org.junit.runners.BlockJUnit4ClassRunner.runChild(BlockJUnit4ClassRunner.java:68)
	at org.junit.runners.BlockJUnit4ClassRunner.runChild(BlockJUnit4ClassRunner.java:47)
	at org.junit.runners.ParentRunner$3.run(ParentRunner.java:231)
	at org.junit.runners.ParentRunner$1.schedule(ParentRunner.java:60)
	at org.junit.runners.ParentRunner.runChildren(ParentRunner.java:229)
	at org.junit.runners.ParentRunner.access$000(ParentRunner.java:50)
	at org.junit.runners.ParentRunner$2.evaluate(ParentRunner.java:222)
	at org.junit.internal.runners.statements.RunBefores.evaluate(RunBefores.java:28)
	at org.junit.internal.runners.statements.RunAfters.evaluate(RunAfters.java:30)
	at org.junit.runners.ParentRunner.run(ParentRunner.java:300)
	at org.junit.runners.Suite.runChild(Suite.java:128)
	at org.junit.runners.Suite.runChild(Suite.java:24)
	at org.junit.runners.ParentRunner$3.run(ParentRunner.java:231)
	at org.junit.runners.ParentRunner$1.schedule(ParentRunner.java:60)
	at org.junit.runners.ParentRunner.runChildren(ParentRunner.java:229)
	at org.junit.runners.ParentRunner.access$000(ParentRunner.java:50)
	at org.junit.runners.ParentRunner$2.evaluate(ParentRunner.java:222)
	at org.junit.runners.ParentRunner.run(ParentRunner.java:300)
	at org.junit.runners.ParentRunner$run.call(Unknown Source)
	at org.codehaus.groovy.runtime.callsite.CallSiteArray.defaultCall(CallSiteArray.java:42)
	at org.codehaus.groovy.runtime.callsite.AbstractCallSite.call(AbstractCallSite.java:108)
	at org.codehaus.groovy.runtime.callsite.AbstractCallSite.call(AbstractCallSite.java:116)
	at org.codehaus.groovy.grails.test.junit4.JUnit4GrailsTestType.doRun(JUnit4GrailsTestType.groovy:112)
	at sun.reflect.NativeMethodAccessorImpl.invoke0(Native Method)
	at sun.reflect.NativeMethodAccessorImpl.invoke(NativeMethodAccessorImpl.java:57)
	at sun.reflect.DelegatingMethodAccessorImpl.invoke(DelegatingMethodAccessorImpl.java:43)
	at java.lang.reflect.Method.invoke(Method.java:601)
	at org.codehaus.groovy.runtime.callsite.PogoMetaMethodSite$PogoCachedMethodSiteNoUnwrapNoCoerce.invoke(PogoMetaMethodSite.java:267)
	at org.codehaus.groovy.runtime.callsite.PogoMetaMethodSite.callCurrent(PogoMetaMethodSite.java:52)
	at org.codehaus.groovy.runtime.callsite.CallSiteArray.defaultCallCurrent(CallSiteArray.java:46)
	at org.codehaus.groovy.runtime.callsite.AbstractCallSite.callCurrent(AbstractCallSite.java:133)
	at org.codehaus.groovy.runtime.callsite.AbstractCallSite.callCurrent(AbstractCallSite.java:141)
	at org.codehaus.groovy.grails.test.support.GrailsTestTypeSupport.run(GrailsTestTypeSupport.groovy:120)
	at org.codehaus.groovy.grails.test.GrailsTestType$run.call(Unknown Source)
	at org.codehaus.groovy.runtime.callsite.CallSiteArray.defaultCall(CallSiteArray.java:42)
	at org.codehaus.groovy.runtime.callsite.AbstractCallSite.call(AbstractCallSite.java:108)
	at org.codehaus.groovy.runtime.callsite.AbstractCallSite.call(AbstractCallSite.java:116)
	at _GrailsTest_groovy$_run_closure4.doCall(_GrailsTest_groovy:290)
	at sun.reflect.NativeMethodAccessorImpl.invoke0(Native Method)
	at sun.reflect.NativeMethodAccessorImpl.invoke(NativeMethodAccessorImpl.java:57)
	at sun.reflect.DelegatingMethodAccessorImpl.invoke(DelegatingMethodAccessorImpl.java:43)
	at java.lang.reflect.Method.invoke(Method.java:601)
	at org.codehaus.groovy.runtime.callsite.PogoMetaMethodSite$PogoCachedMethodSiteNoUnwrapNoCoerce.invoke(PogoMetaMethodSite.java:267)
	at org.codehaus.groovy.runtime.callsite.PogoMetaMethodSite.callCurrent(PogoMetaMethodSite.java:52)
	at org.codehaus.groovy.runtime.callsite.CallSiteArray.defaultCallCurrent(CallSiteArray.java:46)
	at org.codehaus.groovy.runtime.callsite.AbstractCallSite.callCurrent(AbstractCallSite.java:133)
	at org.codehaus.groovy.runtime.callsite.AbstractCallSite.callCurrent(AbstractCallSite.java:145)
	at _GrailsTest_groovy$_run_closure4.call(_GrailsTest_groovy)
	at sun.reflect.NativeMethodAccessorImpl.invoke0(Native Method)
	at sun.reflect.NativeMethodAccessorImpl.invoke(NativeMethodAccessorImpl.java:57)
	at sun.reflect.DelegatingMethodAccessorImpl.invoke(DelegatingMethodAccessorImpl.java:43)
	at java.lang.reflect.Method.invoke(Method.java:601)
	at org.codehaus.groovy.reflection.CachedMethod.invoke(CachedMethod.java:90)
	at groovy.lang.MetaMethod.doMethodInvoke(MetaMethod.java:233)
	at groovy.lang.MetaClassImpl.invokeMethod(MetaClassImpl.java:1047)
	at groovy.lang.ExpandoMetaClass.invokeMethod(ExpandoMetaClass.java:1110)
	at groovy.lang.MetaClassImpl.invokeMethod(MetaClassImpl.java:877)
	at groovy.lang.MetaClassImpl.invokePropertyOrMissing(MetaClassImpl.java:1093)
	at groovy.lang.MetaClassImpl.invokeMethod(MetaClassImpl.java:1049)
	at groovy.lang.ExpandoMetaClass.invokeMethod(ExpandoMetaClass.java:1110)
	at groovy.lang.MetaClassImpl.invokeMethod(MetaClassImpl.java:877)
	at groovy.lang.MetaClassImpl.invokeMethod(MetaClassImpl.java:697)
	at groovy.lang.GroovyObjectSupport.invokeMethod(GroovyObjectSupport.java:44)
	at groovy.lang.Script.invokeMethod(Script.java:78)
	at groovy.lang.MetaClassImpl.invokeMethodOnGroovyObject(MetaClassImpl.java:1112)
	at groovy.lang.MetaClassImpl.invokeMethod(MetaClassImpl.java:1006)
	at groovy.lang.ExpandoMetaClass.invokeMethod(ExpandoMetaClass.java:1110)
	at groovy.lang.MetaClassImpl.invokeMethod(MetaClassImpl.java:877)
	at org.codehaus.groovy.runtime.callsite.PogoMetaClassSite.callCurrent(PogoMetaClassSite.java:66)
	at org.codehaus.groovy.runtime.callsite.CallSiteArray.defaultCallCurrent(CallSiteArray.java:46)
	at org.codehaus.groovy.runtime.callsite.AbstractCallSite.callCurrent(AbstractCallSite.java:133)
	at org.codehaus.groovy.runtime.callsite.AbstractCallSite.callCurrent(AbstractCallSite.java:145)
	at _GrailsTest_groovy$_run_closure2.doCall(_GrailsTest_groovy:248)
	at sun.reflect.NativeMethodAccessorImpl.invoke0(Native Method)
	at sun.reflect.NativeMethodAccessorImpl.invoke(NativeMethodAccessorImpl.java:57)
	at sun.reflect.DelegatingMethodAccessorImpl.invoke(DelegatingMethodAccessorImpl.java:43)
	at java.lang.reflect.Method.invoke(Method.java:601)
	at org.codehaus.groovy.reflection.CachedMethod.invoke(CachedMethod.java:90)
	at groovy.lang.MetaMethod.doMethodInvoke(MetaMethod.java:233)
	at groovy.lang.MetaClassImpl.invokeMethod(MetaClassImpl.java:1047)
	at groovy.lang.ExpandoMetaClass.invokeMethod(ExpandoMetaClass.java:1110)
	at groovy.lang.MetaClassImpl.invokeMethod(MetaClassImpl.java:877)
	at groovy.lang.Closure.call(Closure.java:412)
	at groovy.lang.Closure.call(Closure.java:425)
	at org.codehaus.groovy.runtime.DefaultGroovyMethods.each(DefaultGroovyMethods.java:1376)
	at org.codehaus.groovy.runtime.DefaultGroovyMethods.each(DefaultGroovyMethods.java:1348)
	at org.codehaus.groovy.runtime.dgm$162.invoke(Unknown Source)
	at org.codehaus.groovy.runtime.callsite.PojoMetaMethodSite$PojoMetaMethodSiteNoUnwrapNoCoerce.invoke(PojoMetaMethodSite.java:271)
	at org.codehaus.groovy.runtime.callsite.PojoMetaMethodSite.call(PojoMetaMethodSite.java:53)
	at org.codehaus.groovy.runtime.callsite.CallSiteArray.defaultCall(CallSiteArray.java:42)
	at org.codehaus.groovy.runtime.callsite.AbstractCallSite.call(AbstractCallSite.java:108)
	at org.codehaus.groovy.runtime.callsite.AbstractCallSite.call(AbstractCallSite.java:116)
	at _GrailsTest_groovy$_run_closure1_closure21.doCall(_GrailsTest_groovy:195)
	at sun.reflect.NativeMethodAccessorImpl.invoke0(Native Method)
	at sun.reflect.NativeMethodAccessorImpl.invoke(NativeMethodAccessorImpl.java:57)
	at sun.reflect.DelegatingMethodAccessorImpl.invoke(DelegatingMethodAccessorImpl.java:43)
	at java.lang.reflect.Method.invoke(Method.java:601)
	at org.codehaus.groovy.reflection.CachedMethod.invoke(CachedMethod.java:90)
	at groovy.lang.MetaMethod.doMethodInvoke(MetaMethod.java:233)
	at groovy.lang.MetaClassImpl.invokeMethod(MetaClassImpl.java:1047)
	at groovy.lang.ExpandoMetaClass.invokeMethod(ExpandoMetaClass.java:1110)
	at groovy.lang.MetaClassImpl.invokeMethod(MetaClassImpl.java:877)
	at groovy.lang.Closure.call(Closure.java:412)
	at org.codehaus.groovy.runtime.DefaultGroovyMethods.callClosureForMapEntry(DefaultGroovyMethods.java:3578)
	at org.codehaus.groovy.runtime.DefaultGroovyMethods.each(DefaultGroovyMethods.java:1405)
	at org.codehaus.groovy.runtime.dgm$163.invoke(Unknown Source)
	at org.codehaus.groovy.runtime.callsite.PojoMetaMethodSite$PojoMetaMethodSiteNoUnwrapNoCoerce.invoke(PojoMetaMethodSite.java:271)
	at org.codehaus.groovy.runtime.callsite.PojoMetaMethodSite.call(PojoMetaMethodSite.java:53)
	at org.codehaus.groovy.runtime.callsite.CallSiteArray.defaultCall(CallSiteArray.java:42)
	at org.codehaus.groovy.runtime.callsite.AbstractCallSite.call(AbstractCallSite.java:108)
	at org.codehaus.groovy.runtime.callsite.AbstractCallSite.call(AbstractCallSite.java:116)
	at _GrailsTest_groovy$_run_closure1.doCall(_GrailsTest_groovy:184)
	at sun.reflect.NativeMethodAccessorImpl.invoke0(Native Method)
	at sun.reflect.NativeMethodAccessorImpl.invoke(NativeMethodAccessorImpl.java:57)
	at sun.reflect.DelegatingMethodAccessorImpl.invoke(DelegatingMethodAccessorImpl.java:43)
	at java.lang.reflect.Method.invoke(Method.java:601)
	at org.codehaus.groovy.reflection.CachedMethod.invoke(CachedMethod.java:90)
	at groovy.lang.MetaMethod.doMethodInvoke(MetaMethod.java:233)
	at groovy.lang.MetaClassImpl.invokeMethod(MetaClassImpl.java:1047)
	at groovy.lang.ExpandoMetaClass.invokeMethod(ExpandoMetaClass.java:1110)
	at groovy.lang.MetaClassImpl.invokeMethod(MetaClassImpl.java:877)
	at groovy.lang.DelegatingMetaClass.invokeMethod(DelegatingMetaClass.java:149)
	at org.codehaus.gant.GantMetaClass.invokeMethod(GantMetaClass.java:133)
	at groovy.lang.Closure.call(Closure.java:412)
	at groovy.lang.Closure.call(Closure.java:425)
	at sun.reflect.GeneratedMethodAccessor60.invoke(Unknown Source)
	at sun.reflect.DelegatingMethodAccessorImpl.invoke(DelegatingMethodAccessorImpl.java:43)
	at java.lang.reflect.Method.invoke(Method.java:601)
	at org.codehaus.groovy.reflection.CachedMethod.invoke(CachedMethod.java:90)
	at groovy.lang.MetaMethod.doMethodInvoke(MetaMethod.java:233)
	at groovy.lang.MetaClassImpl.invokeMethod(MetaClassImpl.java:1047)
	at groovy.lang.ExpandoMetaClass.invokeMethod(ExpandoMetaClass.java:1110)
	at groovy.lang.MetaClassImpl.invokeMethod(MetaClassImpl.java:877)
	at groovy.lang.DelegatingMetaClass.invokeMethod(DelegatingMetaClass.java:149)
	at org.codehaus.gant.GantMetaClass.invokeMethod(GantMetaClass.java:133)
	at org.codehaus.groovy.runtime.callsite.PogoMetaClassSite.call(PogoMetaClassSite.java:39)
	at org.codehaus.groovy.runtime.callsite.CallSiteArray.defaultCall(CallSiteArray.java:42)
	at org.codehaus.groovy.runtime.callsite.PogoMetaClassSite.call(PogoMetaClassSite.java:54)
	at org.codehaus.groovy.runtime.callsite.AbstractCallSite.call(AbstractCallSite.java:116)
	at org.codehaus.gant.GantBinding$_initializeGantBinding_closure5_closure16_closure18.doCall(GantBinding.groovy:185)
	at sun.reflect.NativeMethodAccessorImpl.invoke0(Native Method)
	at sun.reflect.NativeMethodAccessorImpl.invoke(NativeMethodAccessorImpl.java:57)
	at sun.reflect.DelegatingMethodAccessorImpl.invoke(DelegatingMethodAccessorImpl.java:43)
	at java.lang.reflect.Method.invoke(Method.java:601)
	at org.codehaus.groovy.runtime.callsite.PogoMetaMethodSite$PogoCachedMethodSite.invoke(PogoMetaMethodSite.java:226)
	at org.codehaus.groovy.runtime.callsite.PogoMetaMethodSite.callCurrent(PogoMetaMethodSite.java:52)
	at org.codehaus.groovy.runtime.callsite.AbstractCallSite.callCurrent(AbstractCallSite.java:141)
	at org.codehaus.gant.GantBinding$_initializeGantBinding_closure5_closure16_closure18.doCall(GantBinding.groovy)
	at sun.reflect.NativeMethodAccessorImpl.invoke0(Native Method)
	at sun.reflect.NativeMethodAccessorImpl.invoke(NativeMethodAccessorImpl.java:57)
	at sun.reflect.DelegatingMethodAccessorImpl.invoke(DelegatingMethodAccessorImpl.java:43)
	at java.lang.reflect.Method.invoke(Method.java:601)
	at org.codehaus.groovy.reflection.CachedMethod.invoke(CachedMethod.java:90)
	at groovy.lang.MetaMethod.doMethodInvoke(MetaMethod.java:233)
	at groovy.lang.MetaClassImpl.invokeMethod(MetaClassImpl.java:1047)
	at groovy.lang.ExpandoMetaClass.invokeMethod(ExpandoMetaClass.java:1110)
	at groovy.lang.MetaClassImpl.invokeMethod(MetaClassImpl.java:877)
	at groovy.lang.Closure.call(Closure.java:412)
	at groovy.lang.Closure.call(Closure.java:406)
	at java_util_concurrent_Callable$call.call(Unknown Source)
	at org.codehaus.gant.GantBinding.withTargetEvent(GantBinding.groovy:90)
	at org.codehaus.gant.GantBinding.this$4$withTargetEvent(GantBinding.groovy)
	at sun.reflect.NativeMethodAccessorImpl.invoke0(Native Method)
	at sun.reflect.NativeMethodAccessorImpl.invoke(NativeMethodAccessorImpl.java:57)
	at sun.reflect.DelegatingMethodAccessorImpl.invoke(DelegatingMethodAccessorImpl.java:43)
	at java.lang.reflect.Method.invoke(Method.java:601)
	at org.codehaus.groovy.reflection.CachedMethod.invoke(CachedMethod.java:90)
	at groovy.lang.MetaMethod.doMethodInvoke(MetaMethod.java:233)
	at groovy.lang.MetaClassImpl.invokeMethod(MetaClassImpl.java:1047)
	at groovy.lang.ExpandoMetaClass.invokeMethod(ExpandoMetaClass.java:1110)
	at groovy.lang.MetaClassImpl.invokeMethod(MetaClassImpl.java:877)
	at groovy.lang.MetaClassImpl.invokeMethod(MetaClassImpl.java:992)
	at groovy.lang.ExpandoMetaClass.invokeMethod(ExpandoMetaClass.java:1110)
	at groovy.lang.MetaClassImpl.invokeMethod(MetaClassImpl.java:877)
	at groovy.lang.MetaClassImpl.invokeMethod(MetaClassImpl.java:697)
	at groovy.lang.GroovyObjectSupport.invokeMethod(GroovyObjectSupport.java:44)
	at groovy.lang.MetaClassImpl.invokeMethodOnGroovyObject(MetaClassImpl.java:1112)
	at groovy.lang.MetaClassImpl.invokeMethod(MetaClassImpl.java:1006)
	at groovy.lang.ExpandoMetaClass.invokeMethod(ExpandoMetaClass.java:1110)
	at groovy.lang.MetaClassImpl.invokeMethod(MetaClassImpl.java:877)
	at org.codehaus.groovy.runtime.callsite.PogoMetaClassSite.callCurrent(PogoMetaClassSite.java:66)
	at org.codehaus.groovy.runtime.callsite.AbstractCallSite.callCurrent(AbstractCallSite.java:149)
	at org.codehaus.gant.GantBinding$_initializeGantBinding_closure5_closure16.doCall(GantBinding.groovy:185)
	at sun.reflect.NativeMethodAccessorImpl.invoke0(Native Method)
	at sun.reflect.NativeMethodAccessorImpl.invoke(NativeMethodAccessorImpl.java:57)
	at sun.reflect.DelegatingMethodAccessorImpl.invoke(DelegatingMethodAccessorImpl.java:43)
	at java.lang.reflect.Method.invoke(Method.java:601)
	at org.codehaus.groovy.runtime.callsite.PogoMetaMethodSite$PogoCachedMethodSite.invoke(PogoMetaMethodSite.java:226)
	at org.codehaus.groovy.runtime.callsite.PogoMetaMethodSite.callCurrent(PogoMetaMethodSite.java:52)
	at org.codehaus.groovy.runtime.callsite.AbstractCallSite.callCurrent(AbstractCallSite.java:141)
	at org.codehaus.gant.GantBinding$_initializeGantBinding_closure5_closure16.doCall(GantBinding.groovy)
	at sun.reflect.NativeMethodAccessorImpl.invoke0(Native Method)
	at sun.reflect.NativeMethodAccessorImpl.invoke(NativeMethodAccessorImpl.java:57)
	at sun.reflect.DelegatingMethodAccessorImpl.invoke(DelegatingMethodAccessorImpl.java:43)
	at java.lang.reflect.Method.invoke(Method.java:601)
	at org.codehaus.groovy.reflection.CachedMethod.invoke(CachedMethod.java:90)
	at groovy.lang.MetaMethod.doMethodInvoke(MetaMethod.java:233)
	at groovy.lang.MetaClassImpl.invokeMethod(MetaClassImpl.java:1047)
	at groovy.lang.ExpandoMetaClass.invokeMethod(ExpandoMetaClass.java:1110)
	at groovy.lang.MetaClassImpl.invokeMethod(MetaClassImpl.java:877)
	at groovy.lang.Closure.call(Closure.java:412)
	at groovy.lang.Closure.call(Closure.java:406)
	at sun.reflect.NativeMethodAccessorImpl.invoke0(Native Method)
	at sun.reflect.NativeMethodAccessorImpl.invoke(NativeMethodAccessorImpl.java:57)
	at sun.reflect.DelegatingMethodAccessorImpl.invoke(DelegatingMethodAccessorImpl.java:43)
	at java.lang.reflect.Method.invoke(Method.java:601)
	at org.codehaus.groovy.reflection.CachedMethod.invoke(CachedMethod.java:90)
	at groovy.lang.MetaMethod.doMethodInvoke(MetaMethod.java:233)
	at groovy.lang.MetaClassImpl.invokeMethod(MetaClassImpl.java:1047)
	at groovy.lang.ExpandoMetaClass.invokeMethod(ExpandoMetaClass.java:1110)
	at groovy.lang.MetaClassImpl.invokeMethod(MetaClassImpl.java:877)
	at groovy.lang.MetaClassImpl.invokePropertyOrMissing(MetaClassImpl.java:1093)
	at groovy.lang.MetaClassImpl.invokeMethod(MetaClassImpl.java:1049)
	at groovy.lang.ExpandoMetaClass.invokeMethod(ExpandoMetaClass.java:1110)
	at groovy.lang.MetaClassImpl.invokeMethod(MetaClassImpl.java:877)
	at groovy.lang.MetaClassImpl.invokeMethod(MetaClassImpl.java:697)
	at groovy.lang.GroovyObjectSupport.invokeMethod(GroovyObjectSupport.java:44)
	at groovy.lang.Script.invokeMethod(Script.java:78)
	at groovy.lang.MetaClassImpl.invokeMethodOnGroovyObject(MetaClassImpl.java:1112)
	at groovy.lang.MetaClassImpl.invokeMethod(MetaClassImpl.java:1006)
	at groovy.lang.ExpandoMetaClass.invokeMethod(ExpandoMetaClass.java:1110)
	at groovy.lang.MetaClassImpl.invokeMethod(MetaClassImpl.java:877)
	at groovy.lang.DelegatingMetaClass.invokeMethod(DelegatingMetaClass.java:149)
	at org.codehaus.gant.GantMetaClass.invokeMethod(GantMetaClass.java:133)
	at org.codehaus.groovy.runtime.callsite.PogoMetaClassSite.callCurrent(PogoMetaClassSite.java:66)
	at org.codehaus.groovy.runtime.callsite.CallSiteArray.defaultCallCurrent(CallSiteArray.java:46)
	at org.codehaus.groovy.runtime.callsite.AbstractCallSite.callCurrent(AbstractCallSite.java:133)
	at org.codehaus.groovy.runtime.callsite.AbstractCallSite.callCurrent(AbstractCallSite.java:137)
	at TestApp$_run_closure1.doCall(TestApp.groovy:82)
	at sun.reflect.NativeMethodAccessorImpl.invoke0(Native Method)
	at sun.reflect.NativeMethodAccessorImpl.invoke(NativeMethodAccessorImpl.java:57)
	at sun.reflect.DelegatingMethodAccessorImpl.invoke(DelegatingMethodAccessorImpl.java:43)
	at java.lang.reflect.Method.invoke(Method.java:601)
	at org.codehaus.groovy.reflection.CachedMethod.invoke(CachedMethod.java:90)
	at groovy.lang.MetaMethod.doMethodInvoke(MetaMethod.java:233)
	at groovy.lang.MetaClassImpl.invokeMethod(MetaClassImpl.java:1047)
	at groovy.lang.ExpandoMetaClass.invokeMethod(ExpandoMetaClass.java:1110)
	at groovy.lang.MetaClassImpl.invokeMethod(MetaClassImpl.java:877)
	at groovy.lang.DelegatingMetaClass.invokeMethod(DelegatingMetaClass.java:149)
	at org.codehaus.gant.GantMetaClass.invokeMethod(GantMetaClass.java:133)
	at groovy.lang.Closure.call(Closure.java:412)
	at groovy.lang.Closure.call(Closure.java:425)
	at sun.reflect.GeneratedMethodAccessor60.invoke(Unknown Source)
	at sun.reflect.DelegatingMethodAccessorImpl.invoke(DelegatingMethodAccessorImpl.java:43)
	at java.lang.reflect.Method.invoke(Method.java:601)
	at org.codehaus.groovy.reflection.CachedMethod.invoke(CachedMethod.java:90)
	at groovy.lang.MetaMethod.doMethodInvoke(MetaMethod.java:233)
	at groovy.lang.MetaClassImpl.invokeMethod(MetaClassImpl.java:1047)
	at groovy.lang.ExpandoMetaClass.invokeMethod(ExpandoMetaClass.java:1110)
	at groovy.lang.MetaClassImpl.invokeMethod(MetaClassImpl.java:877)
	at groovy.lang.DelegatingMetaClass.invokeMethod(DelegatingMetaClass.java:149)
	at org.codehaus.gant.GantMetaClass.invokeMethod(GantMetaClass.java:133)
	at org.codehaus.groovy.runtime.callsite.PogoMetaClassSite.call(PogoMetaClassSite.java:39)
	at org.codehaus.groovy.runtime.callsite.CallSiteArray.defaultCall(CallSiteArray.java:42)
	at org.codehaus.groovy.runtime.callsite.PogoMetaClassSite.call(PogoMetaClassSite.java:54)
	at org.codehaus.groovy.runtime.callsite.AbstractCallSite.call(AbstractCallSite.java:116)
	at org.codehaus.gant.GantBinding$_initializeGantBinding_closure5_closure16_closure18.doCall(GantBinding.groovy:185)
	at sun.reflect.NativeMethodAccessorImpl.invoke0(Native Method)
	at sun.reflect.NativeMethodAccessorImpl.invoke(NativeMethodAccessorImpl.java:57)
	at sun.reflect.DelegatingMethodAccessorImpl.invoke(DelegatingMethodAccessorImpl.java:43)
	at java.lang.reflect.Method.invoke(Method.java:601)
	at org.codehaus.groovy.runtime.callsite.PogoMetaMethodSite$PogoCachedMethodSite.invoke(PogoMetaMethodSite.java:226)
	at org.codehaus.groovy.runtime.callsite.PogoMetaMethodSite.callCurrent(PogoMetaMethodSite.java:52)
	at org.codehaus.groovy.runtime.callsite.AbstractCallSite.callCurrent(AbstractCallSite.java:141)
	at org.codehaus.gant.GantBinding$_initializeGantBinding_closure5_closure16_closure18.doCall(GantBinding.groovy)
	at sun.reflect.NativeMethodAccessorImpl.invoke0(Native Method)
	at sun.reflect.NativeMethodAccessorImpl.invoke(NativeMethodAccessorImpl.java:57)
	at sun.reflect.DelegatingMethodAccessorImpl.invoke(DelegatingMethodAccessorImpl.java:43)
	at java.lang.reflect.Method.invoke(Method.java:601)
	at org.codehaus.groovy.reflection.CachedMethod.invoke(CachedMethod.java:90)
	at groovy.lang.MetaMethod.doMethodInvoke(MetaMethod.java:233)
	at groovy.lang.MetaClassImpl.invokeMethod(MetaClassImpl.java:1047)
	at groovy.lang.ExpandoMetaClass.invokeMethod(ExpandoMetaClass.java:1110)
	at groovy.lang.MetaClassImpl.invokeMethod(MetaClassImpl.java:877)
	at groovy.lang.Closure.call(Closure.java:412)
	at groovy.lang.Closure.call(Closure.java:406)
	at java_util_concurrent_Callable$call.call(Unknown Source)
	at org.codehaus.gant.GantBinding.withTargetEvent(GantBinding.groovy:90)
	at org.codehaus.gant.GantBinding.this$4$withTargetEvent(GantBinding.groovy)
	at sun.reflect.NativeMethodAccessorImpl.invoke0(Native Method)
	at sun.reflect.NativeMethodAccessorImpl.invoke(NativeMethodAccessorImpl.java:57)
	at sun.reflect.DelegatingMethodAccessorImpl.invoke(DelegatingMethodAccessorImpl.java:43)
	at java.lang.reflect.Method.invoke(Method.java:601)
	at org.codehaus.groovy.reflection.CachedMethod.invoke(CachedMethod.java:90)
	at groovy.lang.MetaMethod.doMethodInvoke(MetaMethod.java:233)
	at groovy.lang.MetaClassImpl.invokeMethod(MetaClassImpl.java:1047)
	at groovy.lang.ExpandoMetaClass.invokeMethod(ExpandoMetaClass.java:1110)
	at groovy.lang.MetaClassImpl.invokeMethod(MetaClassImpl.java:877)
	at groovy.lang.MetaClassImpl.invokeMethod(MetaClassImpl.java:992)
	at groovy.lang.ExpandoMetaClass.invokeMethod(ExpandoMetaClass.java:1110)
	at groovy.lang.MetaClassImpl.invokeMethod(MetaClassImpl.java:877)
	at groovy.lang.MetaClassImpl.invokeMethod(MetaClassImpl.java:697)
	at groovy.lang.GroovyObjectSupport.invokeMethod(GroovyObjectSupport.java:44)
	at groovy.lang.MetaClassImpl.invokeMethodOnGroovyObject(MetaClassImpl.java:1112)
	at groovy.lang.MetaClassImpl.invokeMethod(MetaClassImpl.java:1006)
	at groovy.lang.ExpandoMetaClass.invokeMethod(ExpandoMetaClass.java:1110)
	at groovy.lang.MetaClassImpl.invokeMethod(MetaClassImpl.java:877)
	at org.codehaus.groovy.runtime.callsite.PogoMetaClassSite.callCurrent(PogoMetaClassSite.java:66)
	at org.codehaus.groovy.runtime.callsite.AbstractCallSite.callCurrent(AbstractCallSite.java:149)
	at org.codehaus.gant.GantBinding$_initializeGantBinding_closure5_closure16.doCall(GantBinding.groovy:185)
	at sun.reflect.NativeMethodAccessorImpl.invoke0(Native Method)
	at sun.reflect.NativeMethodAccessorImpl.invoke(NativeMethodAccessorImpl.java:57)
	at sun.reflect.DelegatingMethodAccessorImpl.invoke(DelegatingMethodAccessorImpl.java:43)
	at java.lang.reflect.Method.invoke(Method.java:601)
	at org.codehaus.groovy.runtime.callsite.PogoMetaMethodSite$PogoCachedMethodSite.invoke(PogoMetaMethodSite.java:226)
	at org.codehaus.groovy.runtime.callsite.PogoMetaMethodSite.callCurrent(PogoMetaMethodSite.java:52)
	at org.codehaus.groovy.runtime.callsite.AbstractCallSite.callCurrent(AbstractCallSite.java:141)
	at org.codehaus.gant.GantBinding$_initializeGantBinding_closure5_closure16.doCall(GantBinding.groovy)
	at sun.reflect.NativeMethodAccessorImpl.invoke0(Native Method)
	at sun.reflect.NativeMethodAccessorImpl.invoke(NativeMethodAccessorImpl.java:57)
	at sun.reflect.DelegatingMethodAccessorImpl.invoke(DelegatingMethodAccessorImpl.java:43)
	at java.lang.reflect.Method.invoke(Method.java:601)
	at org.codehaus.groovy.reflection.CachedMethod.invoke(CachedMethod.java:90)
	at groovy.lang.MetaMethod.doMethodInvoke(MetaMethod.java:233)
	at groovy.lang.MetaClassImpl.invokeMethod(MetaClassImpl.java:1047)
	at groovy.lang.ExpandoMetaClass.invokeMethod(ExpandoMetaClass.java:1110)
	at groovy.lang.MetaClassImpl.invokeMethod(MetaClassImpl.java:877)
	at groovy.lang.Closure.call(Closure.java:412)
	at groovy.lang.Closure.call(Closure.java:406)
	at java_util_concurrent_Callable$call.call(Unknown Source)
	at org.codehaus.groovy.runtime.callsite.CallSiteArray.defaultCall(CallSiteArray.java:42)
	at org.codehaus.groovy.runtime.callsite.AbstractCallSite.call(AbstractCallSite.java:108)
	at org.codehaus.groovy.runtime.callsite.AbstractCallSite.call(AbstractCallSite.java:112)
	at gant.Gant$_dispatch_closure5.doCall(Gant.groovy:381)
	at sun.reflect.NativeMethodAccessorImpl.invoke0(Native Method)
	at sun.reflect.NativeMethodAccessorImpl.invoke(NativeMethodAccessorImpl.java:57)
	at sun.reflect.DelegatingMethodAccessorImpl.invoke(DelegatingMethodAccessorImpl.java:43)
	at java.lang.reflect.Method.invoke(Method.java:601)
	at org.codehaus.groovy.reflection.CachedMethod.invoke(CachedMethod.java:90)
	at groovy.lang.MetaMethod.doMethodInvoke(MetaMethod.java:233)
	at groovy.lang.MetaClassImpl.invokeMethod(MetaClassImpl.java:1047)
	at groovy.lang.ExpandoMetaClass.invokeMethod(ExpandoMetaClass.java:1110)
	at groovy.lang.MetaClassImpl.invokeMethod(MetaClassImpl.java:877)
	at groovy.lang.Closure.call(Closure.java:412)
	at groovy.lang.Closure.call(Closure.java:425)
	at groovy.lang.Closure$call.call(Unknown Source)
	at org.codehaus.groovy.runtime.callsite.CallSiteArray.defaultCall(CallSiteArray.java:42)
	at org.codehaus.groovy.runtime.callsite.AbstractCallSite.call(AbstractCallSite.java:108)
	at org.codehaus.groovy.runtime.callsite.AbstractCallSite.call(AbstractCallSite.java:116)
	at gant.Gant$_dispatch_closure7.doCall(Gant.groovy:415)
	at sun.reflect.NativeMethodAccessorImpl.invoke0(Native Method)
	at sun.reflect.NativeMethodAccessorImpl.invoke(NativeMethodAccessorImpl.java:57)
	at sun.reflect.DelegatingMethodAccessorImpl.invoke(DelegatingMethodAccessorImpl.java:43)
	at java.lang.reflect.Method.invoke(Method.java:601)
	at org.codehaus.groovy.runtime.callsite.PogoMetaMethodSite$PogoCachedMethodSite.invoke(PogoMetaMethodSite.java:226)
	at org.codehaus.groovy.runtime.callsite.PogoMetaMethodSite.callCurrent(PogoMetaMethodSite.java:52)
	at org.codehaus.groovy.runtime.callsite.CallSiteArray.defaultCallCurrent(CallSiteArray.java:46)
	at org.codehaus.groovy.runtime.callsite.AbstractCallSite.callCurrent(AbstractCallSite.java:133)
	at org.codehaus.groovy.runtime.callsite.AbstractCallSite.callCurrent(AbstractCallSite.java:141)
	at gant.Gant$_dispatch_closure7.doCall(Gant.groovy)
	at sun.reflect.NativeMethodAccessorImpl.invoke0(Native Method)
	at sun.reflect.NativeMethodAccessorImpl.invoke(NativeMethodAccessorImpl.java:57)
	at sun.reflect.DelegatingMethodAccessorImpl.invoke(DelegatingMethodAccessorImpl.java:43)
	at java.lang.reflect.Method.invoke(Method.java:601)
	at org.codehaus.groovy.reflection.CachedMethod.invoke(CachedMethod.java:90)
	at groovy.lang.MetaMethod.doMethodInvoke(MetaMethod.java:233)
	at groovy.lang.MetaClassImpl.invokeMethod(MetaClassImpl.java:1047)
	at groovy.lang.ExpandoMetaClass.invokeMethod(ExpandoMetaClass.java:1110)
	at groovy.lang.MetaClassImpl.invokeMethod(MetaClassImpl.java:877)
	at groovy.lang.Closure.call(Closure.java:412)
	at groovy.lang.Closure.call(Closure.java:406)
	at java_util_concurrent_Callable$call.call(Unknown Source)
	at org.codehaus.groovy.runtime.callsite.CallSiteArray.defaultCall(CallSiteArray.java:42)
	at org.codehaus.groovy.runtime.callsite.AbstractCallSite.call(AbstractCallSite.java:108)
	at org.codehaus.groovy.runtime.callsite.AbstractCallSite.call(AbstractCallSite.java:112)
	at gant.Gant.withBuildListeners(Gant.groovy:427)
	at gant.Gant.this$2$withBuildListeners(Gant.groovy)
	at gant.Gant$this$2$withBuildListeners.callCurrent(Unknown Source)
	at org.codehaus.groovy.runtime.callsite.CallSiteArray.defaultCallCurrent(CallSiteArray.java:46)
	at org.codehaus.groovy.runtime.callsite.AbstractCallSite.callCurrent(AbstractCallSite.java:133)
	at org.codehaus.groovy.runtime.callsite.AbstractCallSite.callCurrent(AbstractCallSite.java:141)
	at gant.Gant.dispatch(Gant.groovy:415)
	at gant.Gant.this$2$dispatch(Gant.groovy)
	at sun.reflect.NativeMethodAccessorImpl.invoke0(Native Method)
	at sun.reflect.NativeMethodAccessorImpl.invoke(NativeMethodAccessorImpl.java:57)
	at sun.reflect.DelegatingMethodAccessorImpl.invoke(DelegatingMethodAccessorImpl.java:43)
	at java.lang.reflect.Method.invoke(Method.java:601)
	at org.codehaus.groovy.reflection.CachedMethod.invoke(CachedMethod.java:90)
	at groovy.lang.MetaMethod.doMethodInvoke(MetaMethod.java:233)
	at groovy.lang.MetaClassImpl.invokeMethod(MetaClassImpl.java:1047)
	at groovy.lang.ExpandoMetaClass.invokeMethod(ExpandoMetaClass.java:1110)
	at groovy.lang.MetaClassImpl.invokeMethod(MetaClassImpl.java:877)
	at groovy.lang.MetaClassImpl.invokeMethod(MetaClassImpl.java:699)
	at gant.Gant.invokeMethod(Gant.groovy)
	at groovy.lang.GroovyObject$invokeMethod.callCurrent(Unknown Source)
	at org.codehaus.groovy.runtime.callsite.CallSiteArray.defaultCallCurrent(CallSiteArray.java:46)
	at org.codehaus.groovy.runtime.callsite.AbstractCallSite.callCurrent(AbstractCallSite.java:133)
	at org.codehaus.groovy.runtime.callsite.AbstractCallSite.callCurrent(AbstractCallSite.java:145)
	at gant.Gant.executeTargets(Gant.groovy:591)
	at sun.reflect.NativeMethodAccessorImpl.invoke0(Native Method)
	at sun.reflect.NativeMethodAccessorImpl.invoke(NativeMethodAccessorImpl.java:57)
	at sun.reflect.DelegatingMethodAccessorImpl.invoke(DelegatingMethodAccessorImpl.java:43)
	at java.lang.reflect.Method.invoke(Method.java:601)
	at org.codehaus.groovy.runtime.callsite.PogoMetaMethodSite$PogoCachedMethodSite.invoke(PogoMetaMethodSite.java:226)
	at org.codehaus.groovy.runtime.callsite.PogoMetaMethodSite.callCurrent(PogoMetaMethodSite.java:52)
	at org.codehaus.groovy.runtime.callsite.CallSiteArray.defaultCallCurrent(CallSiteArray.java:46)
	at org.codehaus.groovy.runtime.callsite.AbstractCallSite.callCurrent(AbstractCallSite.java:133)
	at org.codehaus.groovy.runtime.callsite.AbstractCallSite.callCurrent(AbstractCallSite.java:145)
	at gant.Gant.executeTargets(Gant.groovy:590)
	at org.codehaus.groovy.grails.cli.GrailsScriptRunner.executeWithGantInstance(GrailsScriptRunner.java:693)
	at org.codehaus.groovy.grails.cli.GrailsScriptRunner.executeScriptFile(GrailsScriptRunner.java:497)
	at org.codehaus.groovy.grails.cli.GrailsScriptRunner.executeScriptWithCaching(GrailsScriptRunner.java:432)
	at org.codehaus.groovy.grails.cli.GrailsScriptRunner.callPluginOrGrailsScript(GrailsScriptRunner.java:383)
	at org.codehaus.groovy.grails.cli.GrailsScriptRunner.executeCommand(GrailsScriptRunner.java:362)
	at org.codehaus.groovy.grails.cli.GrailsScriptRunner.main(GrailsScriptRunner.java:228)
	at sun.reflect.NativeMethodAccessorImpl.invoke0(Native Method)
	at sun.reflect.NativeMethodAccessorImpl.invoke(NativeMethodAccessorImpl.java:57)
	at sun.reflect.DelegatingMethodAccessorImpl.invoke(DelegatingMethodAccessorImpl.java:43)
	at java.lang.reflect.Method.invoke(Method.java:601)
	at org.codehaus.groovy.grails.cli.support.GrailsStarter.rootLoader(GrailsStarter.java:234)
	at org.codehaus.groovy.grails.cli.support.GrailsStarter.main(GrailsStarter.java:262)
2012-05-03 23:15:59,032 [main] ERROR StackTrace  - Full Stack Trace:
java.lang.IllegalArgumentException
	at java.util.Date.parse(Date.java:615)
	at java.util.Date.<init>(Date.java:272)
	at teamtracker.GameTests.testCreateValidGame(GameTests.groovy:28)
2012-05-03 23:15:59,049 [main] ERROR StackTrace  - Full Stack Trace:
java.lang.IllegalArgumentException
	at java.util.Date.parse(Date.java:615)
	at java.util.Date.<init>(Date.java:272)
	at teamtracker.GameTests.testCreateValidGame(GameTests.groovy:28)
2012-05-03 23:15:59,049 [main] ERROR StackTrace  - Full Stack Trace:
java.lang.IllegalArgumentException
	at java.util.Date.parse(Date.java:615)
	at java.util.Date.<init>(Date.java:272)
	at teamtracker.GameTests.testCreateValidGame(GameTests.groovy:28)
2012-05-03 23:15:59,064 [main] ERROR StackTrace  - Full Stack Trace:
java.lang.IllegalArgumentException
	at java.util.Date.parse(Date.java:615)
	at java.util.Date.<init>(Date.java:272)
	at teamtracker.GameTests.testCreateValidGame(GameTests.groovy:28)
2012-05-03 23:15:59,064 [main] ERROR StackTrace  - Full Stack Trace:
java.lang.IllegalArgumentException
	at java.util.Date.parse(Date.java:615)
	at java.util.Date.<init>(Date.java:272)
	at teamtracker.GameTests.testCreateValidGame(GameTests.groovy:28)
